Arguments: 
  /home/natalia/.nvm/versions/node/v10.17.0/bin/node /usr/share/yarn/bin/yarn.js init

PATH: 
  /home/natalia/.nvm/versions/node/v10.17.0/bin:/usr/local/sbin:/usr/local/bin:/usr/sbin:/usr/bin:/sbin:/bin:/usr/games:/usr/local/games:/snap/bin

Yarn version: 
  1.22.5

Node version: 
  10.17.0

Platform: 
  linux x64

Trace: 
  Error: canceled
      at Interface.<anonymous> (/usr/share/yarn/lib/cli.js:137009:13)
      at Interface.emit (events.js:198:13)
      at Interface._ttyWrite (readline.js:801:16)
      at ReadStream.onkeypress (readline.js:184:10)
      at ReadStream.emit (events.js:198:13)
      at emitKeys (internal/readline.js:424:14)
      at emitKeys.next (<anonymous>)
      at ReadStream.onData (readline.js:1073:36)
      at ReadStream.emit (events.js:198:13)
      at addChunk (_stream_readable.js:287:12)

npm manifest: 
  {
    "name": "PI2",
    "version": "1.0.0",
    "description": "Seletor de Frutas",
    "author": "Projeto Integrador 2 - Grupo 11 - 2020/1",
    "private": true,
    "scripts": {
      "dev": "nuxt",
      "build": "nuxt build",
      "start": "nuxt start",
      "generate": "nuxt generate"
    },
    "dependencies": {
      "@fullcalendar/core": "~4.2.0",
      "@fullcalendar/daygrid": "~4.1.0",
      "@fullcalendar/interaction": "~4.1.0",
      "@fullcalendar/timegrid": "~4.1.0",
      "@fullcalendar/vue": "~4.2.2",
      "@nuxtjs/axios": "~5.3.6",
      "@nuxtjs/pwa": "~3.0.0-beta.16",
      "bootstrap": "~4.3.1",
      "bootstrap-vue": "~2.1.0",
      "chart.js": "~2.8.0",
      "cookie-universal-nuxt": "~2.0.18",
      "d3": "~5.9.2",
      "datamaps": "~0.5.9",
      "date-fns": "~1.30.1",
      "dropzone": "~5.5.1",
      "element-ui": "~2.10.1",
      "es6-promise": "~4.2.6",
      "firebase": "~5.11.1",
      "flatpickr": "~4.5.7",
      "fuse.js": "~3.4.5",
      "google-maps": "~3.3.0",
      "nouislider": "~13.1.5",
      "nuxt": "~2.8.1",
      "nuxt-env": "~0.1.0",
      "perfect-scrollbar": "~1.4.0",
      "quill": "~1.3.6",
      "sweetalert2": "~8.11.6",
      "vee-validate": "~2.2.8",
      "vue": "~2.6.10",
      "vue-chartjs": "~3.4.2",
      "vue-clipboard2": "~0.3.0",
      "vue-flatpickr-component": "~8.1.2",
      "vue-lazyload": "~1.3.3",
      "vue-the-mask": "~0.11.1",
      "vue2-transitions": "~0.3.0"
    },
    "devDependencies": {
      "@babel/core": "~7.4.5",
      "babel-plugin-component": "~1.1.0",
      "cross-env": "~5.2.0",
      "node-sass": "~4.13.1",
      "nodemon": "~1.18.9",
      "sass-loader": "~7.1.0"
    }
  }

yarn manifest: 
  No manifest

Lockfile: 
  No lockfile
